{"/Users/artemtkachenko/Sites/Github/cp-grpx/dist/index.js":{"path":"/Users/artemtkachenko/Sites/Github/cp-grpx/dist/index.js","s":{"1":0,"2":0,"3":0,"4":0,"5":0,"6":0,"7":0,"8":0,"9":0,"10":0,"11":0,"12":0,"13":0,"14":0,"15":0,"16":0,"17":0,"18":0,"19":0,"20":0,"21":0,"22":0,"23":0,"24":0,"25":0,"26":0,"27":0,"28":0,"29":0,"30":0,"31":0,"32":0,"33":0,"34":0,"35":0,"36":0,"37":0,"38":0,"39":0,"40":0,"41":0,"42":0,"43":0,"44":0,"45":0,"46":0,"47":0,"48":0,"49":0,"50":0,"51":0,"52":0,"53":0,"54":0,"55":0,"56":0,"57":0,"58":0,"59":0,"60":0,"61":0,"62":0,"63":0,"64":0,"65":0,"66":0},"b":{"1":[0,0],"2":[0,0],"3":[0,0],"4":[0,0],"5":[0,0],"6":[0,0],"7":[0,0],"8":[0,0],"9":[0,0],"10":[0,0],"11":[0,0],"12":[0,0],"13":[0,0],"14":[0,0],"15":[0,0],"16":[0,0]},"f":{"1":0,"2":0,"3":0,"4":0},"fnMap":{"1":{"name":"(anonymous_1)","line":3,"loc":{"start":{"line":3,"column":15},"end":{"line":3,"column":28}}},"2":{"name":"(anonymous_2)","line":7,"loc":{"start":{"line":7,"column":8},"end":{"line":7,"column":28}}},"3":{"name":"(anonymous_3)","line":38,"loc":{"start":{"line":38,"column":25},"end":{"line":38,"column":40}}},"4":{"name":"(anonymous_4)","line":59,"loc":{"start":{"line":59,"column":10},"end":{"line":59,"column":17}}}},"statementMap":{"1":{"start":{"line":4,"column":8},"end":{"line":4,"column":25}},"2":{"start":{"line":5,"column":8},"end":{"line":5,"column":25}},"3":{"start":{"line":8,"column":8},"end":{"line":8,"column":34}},"4":{"start":{"line":9,"column":8},"end":{"line":9,"column":60}},"5":{"start":{"line":10,"column":8},"end":{"line":10,"column":20}},"6":{"start":{"line":11,"column":8},"end":{"line":24,"column":9}},"7":{"start":{"line":12,"column":12},"end":{"line":12,"column":43}},"8":{"start":{"line":13,"column":12},"end":{"line":15,"column":13}},"9":{"start":{"line":14,"column":16},"end":{"line":14,"column":36}},"10":{"start":{"line":16,"column":12},"end":{"line":18,"column":13}},"11":{"start":{"line":17,"column":16},"end":{"line":17,"column":37}},"12":{"start":{"line":19,"column":12},"end":{"line":22,"column":13}},"13":{"start":{"line":20,"column":16},"end":{"line":20,"column":37}},"14":{"start":{"line":21,"column":16},"end":{"line":21,"column":54}},"15":{"start":{"line":23,"column":12},"end":{"line":23,"column":22}},"16":{"start":{"line":25,"column":8},"end":{"line":25,"column":27}},"17":{"start":{"line":26,"column":8},"end":{"line":31,"column":9}},"18":{"start":{"line":27,"column":12},"end":{"line":27,"column":40}},"19":{"start":{"line":28,"column":12},"end":{"line":30,"column":13}},"20":{"start":{"line":29,"column":16},"end":{"line":29,"column":46}},"21":{"start":{"line":32,"column":8},"end":{"line":32,"column":80}},"22":{"start":{"line":33,"column":8},"end":{"line":37,"column":11}},"23":{"start":{"line":34,"column":12},"end":{"line":36,"column":13}},"24":{"start":{"line":35,"column":16},"end":{"line":35,"column":112}},"25":{"start":{"line":38,"column":8},"end":{"line":43,"column":10}},"26":{"start":{"line":39,"column":12},"end":{"line":41,"column":13}},"27":{"start":{"line":40,"column":16},"end":{"line":40,"column":36}},"28":{"start":{"line":42,"column":12},"end":{"line":42,"column":23}},"29":{"start":{"line":44,"column":8},"end":{"line":47,"column":11}},"30":{"start":{"line":45,"column":12},"end":{"line":45,"column":96}},"31":{"start":{"line":46,"column":12},"end":{"line":46,"column":39}},"32":{"start":{"line":48,"column":8},"end":{"line":57,"column":10}},"33":{"start":{"line":60,"column":8},"end":{"line":60,"column":35}},"34":{"start":{"line":61,"column":8},"end":{"line":61,"column":35}},"35":{"start":{"line":62,"column":8},"end":{"line":62,"column":28}},"36":{"start":{"line":63,"column":8},"end":{"line":63,"column":30}},"37":{"start":{"line":64,"column":8},"end":{"line":64,"column":32}},"38":{"start":{"line":65,"column":8},"end":{"line":65,"column":34}},"39":{"start":{"line":66,"column":8},"end":{"line":82,"column":11}},"40":{"start":{"line":67,"column":12},"end":{"line":67,"column":40}},"41":{"start":{"line":68,"column":12},"end":{"line":68,"column":44}},"42":{"start":{"line":69,"column":12},"end":{"line":81,"column":13}},"43":{"start":{"line":70,"column":16},"end":{"line":70,"column":43}},"44":{"start":{"line":71,"column":16},"end":{"line":71,"column":34}},"45":{"start":{"line":72,"column":16},"end":{"line":77,"column":17}},"46":{"start":{"line":73,"column":20},"end":{"line":73,"column":45}},"47":{"start":{"line":74,"column":20},"end":{"line":76,"column":21}},"48":{"start":{"line":75,"column":24},"end":{"line":75,"column":41}},"49":{"start":{"line":78,"column":16},"end":{"line":80,"column":17}},"50":{"start":{"line":79,"column":20},"end":{"line":79,"column":65}},"51":{"start":{"line":83,"column":8},"end":{"line":83,"column":24}},"52":{"start":{"line":84,"column":8},"end":{"line":104,"column":11}},"53":{"start":{"line":85,"column":12},"end":{"line":85,"column":26}},"54":{"start":{"line":86,"column":12},"end":{"line":86,"column":40}},"55":{"start":{"line":87,"column":12},"end":{"line":87,"column":39}},"56":{"start":{"line":88,"column":12},"end":{"line":88,"column":61}},"57":{"start":{"line":89,"column":12},"end":{"line":103,"column":13}},"58":{"start":{"line":90,"column":16},"end":{"line":90,"column":46}},"59":{"start":{"line":91,"column":16},"end":{"line":93,"column":17}},"60":{"start":{"line":92,"column":20},"end":{"line":92,"column":38}},"61":{"start":{"line":94,"column":16},"end":{"line":102,"column":17}},"62":{"start":{"line":95,"column":20},"end":{"line":95,"column":61}},"63":{"start":{"line":97,"column":21},"end":{"line":102,"column":17}},"64":{"start":{"line":98,"column":20},"end":{"line":98,"column":65}},"65":{"start":{"line":101,"column":20},"end":{"line":101,"column":87}},"66":{"start":{"line":105,"column":8},"end":{"line":105,"column":22}}},"branchMap":{"1":{"line":13,"type":"if","locations":[{"start":{"line":13,"column":12},"end":{"line":13,"column":12}},{"start":{"line":13,"column":12},"end":{"line":13,"column":12}}]},"2":{"line":16,"type":"if","locations":[{"start":{"line":16,"column":12},"end":{"line":16,"column":12}},{"start":{"line":16,"column":12},"end":{"line":16,"column":12}}]},"3":{"line":19,"type":"if","locations":[{"start":{"line":19,"column":12},"end":{"line":19,"column":12}},{"start":{"line":19,"column":12},"end":{"line":19,"column":12}}]},"4":{"line":28,"type":"if","locations":[{"start":{"line":28,"column":12},"end":{"line":28,"column":12}},{"start":{"line":28,"column":12},"end":{"line":28,"column":12}}]},"5":{"line":34,"type":"if","locations":[{"start":{"line":34,"column":12},"end":{"line":34,"column":12}},{"start":{"line":34,"column":12},"end":{"line":34,"column":12}}]},"6":{"line":34,"type":"binary-expr","locations":[{"start":{"line":34,"column":16},"end":{"line":34,"column":55}},{"start":{"line":34,"column":59},"end":{"line":34,"column":87}}]},"7":{"line":35,"type":"cond-expr","locations":[{"start":{"line":35,"column":51},"end":{"line":35,"column":52}},{"start":{"line":35,"column":55},"end":{"line":35,"column":56}}]},"8":{"line":35,"type":"cond-expr","locations":[{"start":{"line":35,"column":89},"end":{"line":35,"column":100}},{"start":{"line":35,"column":103},"end":{"line":35,"column":109}}]},"9":{"line":39,"type":"binary-expr","locations":[{"start":{"line":39,"column":19},"end":{"line":39,"column":33}},{"start":{"line":39,"column":37},"end":{"line":39,"column":61}}]},"10":{"line":69,"type":"if","locations":[{"start":{"line":69,"column":12},"end":{"line":69,"column":12}},{"start":{"line":69,"column":12},"end":{"line":69,"column":12}}]},"11":{"line":74,"type":"if","locations":[{"start":{"line":74,"column":20},"end":{"line":74,"column":20}},{"start":{"line":74,"column":20},"end":{"line":74,"column":20}}]},"12":{"line":78,"type":"if","locations":[{"start":{"line":78,"column":16},"end":{"line":78,"column":16}},{"start":{"line":78,"column":16},"end":{"line":78,"column":16}}]},"13":{"line":89,"type":"if","locations":[{"start":{"line":89,"column":12},"end":{"line":89,"column":12}},{"start":{"line":89,"column":12},"end":{"line":89,"column":12}}]},"14":{"line":91,"type":"if","locations":[{"start":{"line":91,"column":16},"end":{"line":91,"column":16}},{"start":{"line":91,"column":16},"end":{"line":91,"column":16}}]},"15":{"line":94,"type":"if","locations":[{"start":{"line":94,"column":16},"end":{"line":94,"column":16}},{"start":{"line":94,"column":16},"end":{"line":94,"column":16}}]},"16":{"line":97,"type":"if","locations":[{"start":{"line":97,"column":21},"end":{"line":97,"column":21}},{"start":{"line":97,"column":21},"end":{"line":97,"column":21}}]}}}}